<?xml version="1.0" encoding="UTF-8"?>
<!-- Generated by org.testng.reporters.JUnitXMLReporter -->
<testsuite ignored="0" hostname="RonsLaptop" failures="0" tests="18" name="Default test" time="38.629" errors="0" timestamp="2022-05-24T14:27:55 IDT">
  <testcase classname="tests.lnk_test" name="main_link" time="0.463"/>
  <testcase classname="tests.lnk_test" name="main_link" time="0.391"/>
  <testcase classname="tests.lnk_test" name="main_link" time="0.386"/>
  <testcase classname="tests.lnk_test" name="main_link" time="0.389"/>
  <testcase classname="tests.lnk_test" name="main_link" time="0.376"/>
  <testcase classname="tests.lnk_test" name="main_link" time="10.083"/>
  <testcase classname="tests.lnk_test" name="quick_link" time="0.368"/>
  <testcase classname="tests.lnk_test" name="quick_link" time="0.361"/>
  <testcase classname="tests.lnk_test" name="quick_link" time="0.378"/>
  <testcase classname="tests.lnk_test" name="quick_link" time="0.346"/>
  <testcase classname="tests.lnk_test" name="quick_link" time="0.355"/>
  <testcase classname="tests.lnk_test" name="quick_link" time="10.092"/>
  <testcase classname="tests.lnk_test" name="sidebar_link" time="0.384"/>
  <testcase classname="tests.lnk_test" name="sidebar_link" time="0.361"/>
  <testcase classname="tests.lnk_test" name="sidebar_link" time="0.342"/>
  <testcase classname="tests.lnk_test" name="sidebar_link" time="0.361"/>
  <testcase classname="tests.lnk_test" name="sidebar_link" time="0.366"/>
  <testcase classname="tests.lnk_test" name="sidebar_link" time="10.09"/>
</testsuite> <!-- Default test -->
