<?xml version="1.0" encoding="UTF-8"?>
<!-- Generated by org.testng.reporters.JUnitXMLReporter -->
<testsuite ignored="0" hostname="RonsLaptop" failures="0" tests="18" name="Default test" time="100.606" errors="0" timestamp="2022-07-06T18:19:52 IDT">
  <testcase classname="tests.lnk_test" name="main_link" time="0.432"/>
  <testcase classname="tests.lnk_test" name="main_link" time="0.418"/>
  <testcase classname="tests.lnk_test" name="main_link" time="0.398"/>
  <testcase classname="tests.lnk_test" name="main_link" time="0.385"/>
  <testcase classname="tests.lnk_test" name="main_link" time="0.37"/>
  <testcase classname="tests.lnk_test" name="main_link" time="30.112"/>
  <testcase classname="tests.lnk_test" name="quick_link" time="0.643"/>
  <testcase classname="tests.lnk_test" name="quick_link" time="0.62"/>
  <testcase classname="tests.lnk_test" name="quick_link" time="0.382"/>
  <testcase classname="tests.lnk_test" name="quick_link" time="0.361"/>
  <testcase classname="tests.lnk_test" name="quick_link" time="0.388"/>
  <testcase classname="tests.lnk_test" name="quick_link" time="30.093"/>
  <testcase classname="tests.lnk_test" name="sidebar_link" time="0.373"/>
  <testcase classname="tests.lnk_test" name="sidebar_link" time="0.367"/>
  <testcase classname="tests.lnk_test" name="sidebar_link" time="0.34"/>
  <testcase classname="tests.lnk_test" name="sidebar_link" time="0.452"/>
  <testcase classname="tests.lnk_test" name="sidebar_link" time="0.38"/>
  <testcase classname="tests.lnk_test" name="sidebar_link" time="30.015"/>
</testsuite> <!-- Default test -->
