<?xml version="1.0" encoding="UTF-8"?>
<testng-results ignored="0" total="18" passed="18" failed="0" skipped="0">
  <reporter-output>
  </reporter-output>
  <suite started-at="2022-07-06T18:18:11 IDT" name="Default suite" finished-at="2022-07-06T18:19:52 IDT" duration-ms="100606">
    <groups>
    </groups>
    <test started-at="2022-07-06T18:18:11 IDT" name="Default test" finished-at="2022-07-06T18:19:52 IDT" duration-ms="100606">
      <class name="tests.lnk_test">
        <test-method is-config="true" signature="beforeSuite()[pri:0, instance:tests.lnk_test@29f0c4f2]" started-at="2022-07-06T18:18:11 IDT" name="beforeSuite" finished-at="2022-07-06T18:18:11 IDT" duration-ms="8" status="PASS">
          <reporter-output>
          </reporter-output>
        </test-method> <!-- beforeSuite -->
        <test-method is-config="true" signature="beforeTest()[pri:0, instance:tests.lnk_test@29f0c4f2]" started-at="2022-07-06T18:18:11 IDT" name="beforeTest" finished-at="2022-07-06T18:18:11 IDT" duration-ms="1" status="PASS">
          <reporter-output>
          </reporter-output>
        </test-method> <!-- beforeTest -->
        <test-method is-config="true" signature="beforeClass()[pri:0, instance:tests.lnk_test@29f0c4f2]" started-at="2022-07-06T18:18:11 IDT" name="beforeClass" finished-at="2022-07-06T18:18:11 IDT" duration-ms="4" status="PASS">
          <reporter-output>
          </reporter-output>
        </test-method> <!-- beforeClass -->
        <test-method is-config="true" signature="beforeMethod()[pri:0, instance:tests.lnk_test@29f0c4f2]" started-at="2022-07-06T18:18:11 IDT" name="beforeMethod" finished-at="2022-07-06T18:18:12 IDT" duration-ms="536" status="PASS">
          <reporter-output>
          </reporter-output>
        </test-method> <!-- beforeMethod -->
        <test-method signature="main_link(java.lang.String)[pri:0, instance:tests.lnk_test@29f0c4f2]" started-at="2022-07-06T18:18:12 IDT" name="main_link" data-provider="data-provider" finished-at="2022-07-06T18:18:12 IDT" duration-ms="432" status="PASS">
          <params>
            <param index="0">
              <value>
                <![CDATA[Fish]]>
              </value>
            </param>
          </params>
          <reporter-output>
          </reporter-output>
        </test-method> <!-- main_link -->
        <test-method is-config="true" signature="afterMethod()[pri:0, instance:tests.lnk_test@29f0c4f2]" started-at="2022-07-06T18:18:12 IDT" name="afterMethod" finished-at="2022-07-06T18:18:12 IDT" duration-ms="1" status="PASS">
          <reporter-output>
          </reporter-output>
        </test-method> <!-- afterMethod -->
        <test-method is-config="true" signature="beforeMethod()[pri:0, instance:tests.lnk_test@29f0c4f2]" started-at="2022-07-06T18:18:12 IDT" name="beforeMethod" finished-at="2022-07-06T18:18:12 IDT" duration-ms="117" status="PASS">
          <reporter-output>
          </reporter-output>
        </test-method> <!-- beforeMethod -->
        <test-method signature="main_link(java.lang.String)[pri:0, instance:tests.lnk_test@29f0c4f2]" started-at="2022-07-06T18:18:12 IDT" name="main_link" data-provider="data-provider" finished-at="2022-07-06T18:18:13 IDT" duration-ms="418" status="PASS">
          <params>
            <param index="0">
              <value>
                <![CDATA[Dogs]]>
              </value>
            </param>
          </params>
          <reporter-output>
          </reporter-output>
        </test-method> <!-- main_link -->
        <test-method is-config="true" signature="afterMethod()[pri:0, instance:tests.lnk_test@29f0c4f2]" started-at="2022-07-06T18:18:13 IDT" name="afterMethod" finished-at="2022-07-06T18:18:13 IDT" duration-ms="1" status="PASS">
          <reporter-output>
          </reporter-output>
        </test-method> <!-- afterMethod -->
        <test-method is-config="true" signature="beforeMethod()[pri:0, instance:tests.lnk_test@29f0c4f2]" started-at="2022-07-06T18:18:13 IDT" name="beforeMethod" finished-at="2022-07-06T18:18:13 IDT" duration-ms="118" status="PASS">
          <reporter-output>
          </reporter-output>
        </test-method> <!-- beforeMethod -->
        <test-method signature="main_link(java.lang.String)[pri:0, instance:tests.lnk_test@29f0c4f2]" started-at="2022-07-06T18:18:13 IDT" name="main_link" data-provider="data-provider" finished-at="2022-07-06T18:18:13 IDT" duration-ms="398" status="PASS">
          <params>
            <param index="0">
              <value>
                <![CDATA[Cats]]>
              </value>
            </param>
          </params>
          <reporter-output>
          </reporter-output>
        </test-method> <!-- main_link -->
        <test-method is-config="true" signature="beforeMethod()[pri:0, instance:tests.lnk_test@29f0c4f2]" started-at="2022-07-06T18:18:13 IDT" name="beforeMethod" finished-at="2022-07-06T18:18:13 IDT" duration-ms="131" status="PASS">
          <reporter-output>
          </reporter-output>
        </test-method> <!-- beforeMethod -->
        <test-method is-config="true" signature="afterMethod()[pri:0, instance:tests.lnk_test@29f0c4f2]" started-at="2022-07-06T18:18:13 IDT" name="afterMethod" finished-at="2022-07-06T18:18:13 IDT" duration-ms="0" status="PASS">
          <reporter-output>
          </reporter-output>
        </test-method> <!-- afterMethod -->
        <test-method signature="main_link(java.lang.String)[pri:0, instance:tests.lnk_test@29f0c4f2]" started-at="2022-07-06T18:18:13 IDT" name="main_link" data-provider="data-provider" finished-at="2022-07-06T18:18:14 IDT" duration-ms="385" status="PASS">
          <params>
            <param index="0">
              <value>
                <![CDATA[Reptiles]]>
              </value>
            </param>
          </params>
          <reporter-output>
          </reporter-output>
        </test-method> <!-- main_link -->
        <test-method is-config="true" signature="afterMethod()[pri:0, instance:tests.lnk_test@29f0c4f2]" started-at="2022-07-06T18:18:14 IDT" name="afterMethod" finished-at="2022-07-06T18:18:14 IDT" duration-ms="0" status="PASS">
          <reporter-output>
          </reporter-output>
        </test-method> <!-- afterMethod -->
        <test-method is-config="true" signature="beforeMethod()[pri:0, instance:tests.lnk_test@29f0c4f2]" started-at="2022-07-06T18:18:14 IDT" name="beforeMethod" finished-at="2022-07-06T18:18:14 IDT" duration-ms="113" status="PASS">
          <reporter-output>
          </reporter-output>
        </test-method> <!-- beforeMethod -->
        <test-method signature="main_link(java.lang.String)[pri:0, instance:tests.lnk_test@29f0c4f2]" started-at="2022-07-06T18:18:14 IDT" name="main_link" data-provider="data-provider" finished-at="2022-07-06T18:18:14 IDT" duration-ms="370" status="PASS">
          <params>
            <param index="0">
              <value>
                <![CDATA[Birds]]>
              </value>
            </param>
          </params>
          <reporter-output>
          </reporter-output>
        </test-method> <!-- main_link -->
        <test-method is-config="true" signature="beforeMethod()[pri:0, instance:tests.lnk_test@29f0c4f2]" started-at="2022-07-06T18:18:14 IDT" name="beforeMethod" finished-at="2022-07-06T18:18:14 IDT" duration-ms="115" status="PASS">
          <reporter-output>
          </reporter-output>
        </test-method> <!-- beforeMethod -->
        <test-method is-config="true" signature="afterMethod()[pri:0, instance:tests.lnk_test@29f0c4f2]" started-at="2022-07-06T18:18:14 IDT" name="afterMethod" finished-at="2022-07-06T18:18:14 IDT" duration-ms="0" status="PASS">
          <reporter-output>
          </reporter-output>
        </test-method> <!-- afterMethod -->
        <test-method signature="main_link(java.lang.String)[pri:0, instance:tests.lnk_test@29f0c4f2]" started-at="2022-07-06T18:18:14 IDT" name="main_link" data-provider="data-provider" finished-at="2022-07-06T18:18:44 IDT" duration-ms="30112" status="PASS">
          <params>
            <param index="0">
              <value>
                <![CDATA[Horses]]>
              </value>
            </param>
          </params>
          <reporter-output>
          </reporter-output>
        </test-method> <!-- main_link -->
        <test-method is-config="true" signature="afterMethod()[pri:0, instance:tests.lnk_test@29f0c4f2]" started-at="2022-07-06T18:18:44 IDT" name="afterMethod" finished-at="2022-07-06T18:18:44 IDT" duration-ms="0" status="PASS">
          <reporter-output>
          </reporter-output>
        </test-method> <!-- afterMethod -->
        <test-method is-config="true" signature="beforeMethod()[pri:0, instance:tests.lnk_test@29f0c4f2]" started-at="2022-07-06T18:18:44 IDT" name="beforeMethod" finished-at="2022-07-06T18:18:45 IDT" duration-ms="279" status="PASS">
          <reporter-output>
          </reporter-output>
        </test-method> <!-- beforeMethod -->
        <test-method signature="quick_link(java.lang.String)[pri:0, instance:tests.lnk_test@29f0c4f2]" started-at="2022-07-06T18:18:45 IDT" name="quick_link" data-provider="data-provider" finished-at="2022-07-06T18:18:45 IDT" duration-ms="643" status="PASS">
          <params>
            <param index="0">
              <value>
                <![CDATA[Fish]]>
              </value>
            </param>
          </params>
          <reporter-output>
          </reporter-output>
        </test-method> <!-- quick_link -->
        <test-method is-config="true" signature="afterMethod()[pri:0, instance:tests.lnk_test@29f0c4f2]" started-at="2022-07-06T18:18:45 IDT" name="afterMethod" finished-at="2022-07-06T18:18:45 IDT" duration-ms="0" status="PASS">
          <reporter-output>
          </reporter-output>
        </test-method> <!-- afterMethod -->
        <test-method is-config="true" signature="beforeMethod()[pri:0, instance:tests.lnk_test@29f0c4f2]" started-at="2022-07-06T18:18:45 IDT" name="beforeMethod" finished-at="2022-07-06T18:18:46 IDT" duration-ms="298" status="PASS">
          <reporter-output>
          </reporter-output>
        </test-method> <!-- beforeMethod -->
        <test-method signature="quick_link(java.lang.String)[pri:0, instance:tests.lnk_test@29f0c4f2]" started-at="2022-07-06T18:18:46 IDT" name="quick_link" data-provider="data-provider" finished-at="2022-07-06T18:18:46 IDT" duration-ms="620" status="PASS">
          <params>
            <param index="0">
              <value>
                <![CDATA[Dogs]]>
              </value>
            </param>
          </params>
          <reporter-output>
          </reporter-output>
        </test-method> <!-- quick_link -->
        <test-method is-config="true" signature="afterMethod()[pri:0, instance:tests.lnk_test@29f0c4f2]" started-at="2022-07-06T18:18:46 IDT" name="afterMethod" finished-at="2022-07-06T18:18:46 IDT" duration-ms="0" status="PASS">
          <reporter-output>
          </reporter-output>
        </test-method> <!-- afterMethod -->
        <test-method is-config="true" signature="beforeMethod()[pri:0, instance:tests.lnk_test@29f0c4f2]" started-at="2022-07-06T18:18:46 IDT" name="beforeMethod" finished-at="2022-07-06T18:18:46 IDT" duration-ms="111" status="PASS">
          <reporter-output>
          </reporter-output>
        </test-method> <!-- beforeMethod -->
        <test-method signature="quick_link(java.lang.String)[pri:0, instance:tests.lnk_test@29f0c4f2]" started-at="2022-07-06T18:18:46 IDT" name="quick_link" data-provider="data-provider" finished-at="2022-07-06T18:18:47 IDT" duration-ms="382" status="PASS">
          <params>
            <param index="0">
              <value>
                <![CDATA[Cats]]>
              </value>
            </param>
          </params>
          <reporter-output>
          </reporter-output>
        </test-method> <!-- quick_link -->
        <test-method is-config="true" signature="afterMethod()[pri:0, instance:tests.lnk_test@29f0c4f2]" started-at="2022-07-06T18:18:47 IDT" name="afterMethod" finished-at="2022-07-06T18:18:47 IDT" duration-ms="1" status="PASS">
          <reporter-output>
          </reporter-output>
        </test-method> <!-- afterMethod -->
        <test-method is-config="true" signature="beforeMethod()[pri:0, instance:tests.lnk_test@29f0c4f2]" started-at="2022-07-06T18:18:47 IDT" name="beforeMethod" finished-at="2022-07-06T18:18:47 IDT" duration-ms="123" status="PASS">
          <reporter-output>
          </reporter-output>
        </test-method> <!-- beforeMethod -->
        <test-method signature="quick_link(java.lang.String)[pri:0, instance:tests.lnk_test@29f0c4f2]" started-at="2022-07-06T18:18:47 IDT" name="quick_link" data-provider="data-provider" finished-at="2022-07-06T18:18:47 IDT" duration-ms="361" status="PASS">
          <params>
            <param index="0">
              <value>
                <![CDATA[Reptiles]]>
              </value>
            </param>
          </params>
          <reporter-output>
          </reporter-output>
        </test-method> <!-- quick_link -->
        <test-method is-config="true" signature="beforeMethod()[pri:0, instance:tests.lnk_test@29f0c4f2]" started-at="2022-07-06T18:18:47 IDT" name="beforeMethod" finished-at="2022-07-06T18:18:47 IDT" duration-ms="112" status="PASS">
          <reporter-output>
          </reporter-output>
        </test-method> <!-- beforeMethod -->
        <test-method is-config="true" signature="afterMethod()[pri:0, instance:tests.lnk_test@29f0c4f2]" started-at="2022-07-06T18:18:47 IDT" name="afterMethod" finished-at="2022-07-06T18:18:47 IDT" duration-ms="0" status="PASS">
          <reporter-output>
          </reporter-output>
        </test-method> <!-- afterMethod -->
        <test-method signature="quick_link(java.lang.String)[pri:0, instance:tests.lnk_test@29f0c4f2]" started-at="2022-07-06T18:18:47 IDT" name="quick_link" data-provider="data-provider" finished-at="2022-07-06T18:18:48 IDT" duration-ms="388" status="PASS">
          <params>
            <param index="0">
              <value>
                <![CDATA[Birds]]>
              </value>
            </param>
          </params>
          <reporter-output>
          </reporter-output>
        </test-method> <!-- quick_link -->
        <test-method is-config="true" signature="afterMethod()[pri:0, instance:tests.lnk_test@29f0c4f2]" started-at="2022-07-06T18:18:48 IDT" name="afterMethod" finished-at="2022-07-06T18:18:48 IDT" duration-ms="0" status="PASS">
          <reporter-output>
          </reporter-output>
        </test-method> <!-- afterMethod -->
        <test-method is-config="true" signature="beforeMethod()[pri:0, instance:tests.lnk_test@29f0c4f2]" started-at="2022-07-06T18:18:48 IDT" name="beforeMethod" finished-at="2022-07-06T18:18:48 IDT" duration-ms="111" status="PASS">
          <reporter-output>
          </reporter-output>
        </test-method> <!-- beforeMethod -->
        <test-method signature="quick_link(java.lang.String)[pri:0, instance:tests.lnk_test@29f0c4f2]" started-at="2022-07-06T18:18:48 IDT" name="quick_link" data-provider="data-provider" finished-at="2022-07-06T18:19:18 IDT" duration-ms="30093" status="PASS">
          <params>
            <param index="0">
              <value>
                <![CDATA[Horses]]>
              </value>
            </param>
          </params>
          <reporter-output>
          </reporter-output>
        </test-method> <!-- quick_link -->
        <test-method is-config="true" signature="afterMethod()[pri:0, instance:tests.lnk_test@29f0c4f2]" started-at="2022-07-06T18:19:18 IDT" name="afterMethod" finished-at="2022-07-06T18:19:18 IDT" duration-ms="1" status="PASS">
          <reporter-output>
          </reporter-output>
        </test-method> <!-- afterMethod -->
        <test-method is-config="true" signature="beforeMethod()[pri:0, instance:tests.lnk_test@29f0c4f2]" started-at="2022-07-06T18:19:18 IDT" name="beforeMethod" finished-at="2022-07-06T18:19:18 IDT" duration-ms="328" status="PASS">
          <reporter-output>
          </reporter-output>
        </test-method> <!-- beforeMethod -->
        <test-method signature="sidebar_link(java.lang.String)[pri:0, instance:tests.lnk_test@29f0c4f2]" started-at="2022-07-06T18:19:18 IDT" name="sidebar_link" data-provider="data-provider" finished-at="2022-07-06T18:19:19 IDT" duration-ms="373" status="PASS">
          <params>
            <param index="0">
              <value>
                <![CDATA[Fish]]>
              </value>
            </param>
          </params>
          <reporter-output>
          </reporter-output>
        </test-method> <!-- sidebar_link -->
        <test-method is-config="true" signature="beforeMethod()[pri:0, instance:tests.lnk_test@29f0c4f2]" started-at="2022-07-06T18:19:19 IDT" name="beforeMethod" finished-at="2022-07-06T18:19:19 IDT" duration-ms="115" status="PASS">
          <reporter-output>
          </reporter-output>
        </test-method> <!-- beforeMethod -->
        <test-method is-config="true" signature="afterMethod()[pri:0, instance:tests.lnk_test@29f0c4f2]" started-at="2022-07-06T18:19:19 IDT" name="afterMethod" finished-at="2022-07-06T18:19:19 IDT" duration-ms="0" status="PASS">
          <reporter-output>
          </reporter-output>
        </test-method> <!-- afterMethod -->
        <test-method signature="sidebar_link(java.lang.String)[pri:0, instance:tests.lnk_test@29f0c4f2]" started-at="2022-07-06T18:19:19 IDT" name="sidebar_link" data-provider="data-provider" finished-at="2022-07-06T18:19:19 IDT" duration-ms="367" status="PASS">
          <params>
            <param index="0">
              <value>
                <![CDATA[Dogs]]>
              </value>
            </param>
          </params>
          <reporter-output>
          </reporter-output>
        </test-method> <!-- sidebar_link -->
        <test-method is-config="true" signature="beforeMethod()[pri:0, instance:tests.lnk_test@29f0c4f2]" started-at="2022-07-06T18:19:19 IDT" name="beforeMethod" finished-at="2022-07-06T18:19:19 IDT" duration-ms="119" status="PASS">
          <reporter-output>
          </reporter-output>
        </test-method> <!-- beforeMethod -->
        <test-method is-config="true" signature="afterMethod()[pri:0, instance:tests.lnk_test@29f0c4f2]" started-at="2022-07-06T18:19:19 IDT" name="afterMethod" finished-at="2022-07-06T18:19:19 IDT" duration-ms="0" status="PASS">
          <reporter-output>
          </reporter-output>
        </test-method> <!-- afterMethod -->
        <test-method signature="sidebar_link(java.lang.String)[pri:0, instance:tests.lnk_test@29f0c4f2]" started-at="2022-07-06T18:19:19 IDT" name="sidebar_link" data-provider="data-provider" finished-at="2022-07-06T18:19:20 IDT" duration-ms="340" status="PASS">
          <params>
            <param index="0">
              <value>
                <![CDATA[Cats]]>
              </value>
            </param>
          </params>
          <reporter-output>
          </reporter-output>
        </test-method> <!-- sidebar_link -->
        <test-method is-config="true" signature="afterMethod()[pri:0, instance:tests.lnk_test@29f0c4f2]" started-at="2022-07-06T18:19:20 IDT" name="afterMethod" finished-at="2022-07-06T18:19:20 IDT" duration-ms="0" status="PASS">
          <reporter-output>
          </reporter-output>
        </test-method> <!-- afterMethod -->
        <test-method is-config="true" signature="beforeMethod()[pri:0, instance:tests.lnk_test@29f0c4f2]" started-at="2022-07-06T18:19:20 IDT" name="beforeMethod" finished-at="2022-07-06T18:19:20 IDT" duration-ms="110" status="PASS">
          <reporter-output>
          </reporter-output>
        </test-method> <!-- beforeMethod -->
        <test-method signature="sidebar_link(java.lang.String)[pri:0, instance:tests.lnk_test@29f0c4f2]" started-at="2022-07-06T18:19:20 IDT" name="sidebar_link" data-provider="data-provider" finished-at="2022-07-06T18:19:20 IDT" duration-ms="452" status="PASS">
          <params>
            <param index="0">
              <value>
                <![CDATA[Reptiles]]>
              </value>
            </param>
          </params>
          <reporter-output>
          </reporter-output>
        </test-method> <!-- sidebar_link -->
        <test-method is-config="true" signature="beforeMethod()[pri:0, instance:tests.lnk_test@29f0c4f2]" started-at="2022-07-06T18:19:20 IDT" name="beforeMethod" finished-at="2022-07-06T18:19:20 IDT" duration-ms="111" status="PASS">
          <reporter-output>
          </reporter-output>
        </test-method> <!-- beforeMethod -->
        <test-method is-config="true" signature="afterMethod()[pri:0, instance:tests.lnk_test@29f0c4f2]" started-at="2022-07-06T18:19:20 IDT" name="afterMethod" finished-at="2022-07-06T18:19:20 IDT" duration-ms="0" status="PASS">
          <reporter-output>
          </reporter-output>
        </test-method> <!-- afterMethod -->
        <test-method signature="sidebar_link(java.lang.String)[pri:0, instance:tests.lnk_test@29f0c4f2]" started-at="2022-07-06T18:19:20 IDT" name="sidebar_link" data-provider="data-provider" finished-at="2022-07-06T18:19:21 IDT" duration-ms="380" status="PASS">
          <params>
            <param index="0">
              <value>
                <![CDATA[Birds]]>
              </value>
            </param>
          </params>
          <reporter-output>
          </reporter-output>
        </test-method> <!-- sidebar_link -->
        <test-method is-config="true" signature="afterMethod()[pri:0, instance:tests.lnk_test@29f0c4f2]" started-at="2022-07-06T18:19:21 IDT" name="afterMethod" finished-at="2022-07-06T18:19:21 IDT" duration-ms="0" status="PASS">
          <reporter-output>
          </reporter-output>
        </test-method> <!-- afterMethod -->
        <test-method is-config="true" signature="beforeMethod()[pri:0, instance:tests.lnk_test@29f0c4f2]" started-at="2022-07-06T18:19:21 IDT" name="beforeMethod" finished-at="2022-07-06T18:19:21 IDT" duration-ms="281" status="PASS">
          <reporter-output>
          </reporter-output>
        </test-method> <!-- beforeMethod -->
        <test-method signature="sidebar_link(java.lang.String)[pri:0, instance:tests.lnk_test@29f0c4f2]" started-at="2022-07-06T18:19:21 IDT" name="sidebar_link" data-provider="data-provider" finished-at="2022-07-06T18:19:51 IDT" duration-ms="30015" status="PASS">
          <params>
            <param index="0">
              <value>
                <![CDATA[Horses]]>
              </value>
            </param>
          </params>
          <reporter-output>
          </reporter-output>
        </test-method> <!-- sidebar_link -->
        <test-method is-config="true" signature="afterMethod()[pri:0, instance:tests.lnk_test@29f0c4f2]" started-at="2022-07-06T18:19:51 IDT" name="afterMethod" finished-at="2022-07-06T18:19:51 IDT" duration-ms="0" status="PASS">
          <reporter-output>
          </reporter-output>
        </test-method> <!-- afterMethod -->
        <test-method is-config="true" signature="afterClass()[pri:0, instance:tests.lnk_test@29f0c4f2]" started-at="2022-07-06T18:19:51 IDT" name="afterClass" finished-at="2022-07-06T18:19:52 IDT" duration-ms="773" status="PASS">
          <reporter-output>
          </reporter-output>
        </test-method> <!-- afterClass -->
        <test-method is-config="true" signature="afterTest()[pri:0, instance:tests.lnk_test@29f0c4f2]" started-at="2022-07-06T18:19:52 IDT" name="afterTest" finished-at="2022-07-06T18:19:52 IDT" duration-ms="0" status="PASS">
          <reporter-output>
          </reporter-output>
        </test-method> <!-- afterTest -->
        <test-method is-config="true" signature="afterSuite()[pri:0, instance:tests.lnk_test@29f0c4f2]" started-at="2022-07-06T18:19:52 IDT" name="afterSuite" finished-at="2022-07-06T18:19:52 IDT" duration-ms="0" status="PASS">
          <reporter-output>
          </reporter-output>
        </test-method> <!-- afterSuite -->
      </class> <!-- tests.lnk_test -->
    </test> <!-- Default test -->
  </suite> <!-- Default suite -->
</testng-results>
