<?xml version="1.0" encoding="UTF-8"?>
<testng-results ignored="0" total="18" passed="18" failed="0" skipped="0">
  <reporter-output>
  </reporter-output>
  <suite started-at="2022-05-24T14:27:16 IDT" name="Default suite" finished-at="2022-05-24T14:27:55 IDT" duration-ms="38629">
    <groups>
    </groups>
    <test started-at="2022-05-24T14:27:16 IDT" name="Default test" finished-at="2022-05-24T14:27:55 IDT" duration-ms="38629">
      <class name="tests.lnk_test">
        <test-method is-config="true" signature="beforeSuite()[pri:0, instance:tests.lnk_test@1643d68f]" started-at="2022-05-24T14:27:16 IDT" name="beforeSuite" finished-at="2022-05-24T14:27:16 IDT" duration-ms="10" status="PASS">
          <reporter-output>
          </reporter-output>
        </test-method> <!-- beforeSuite -->
        <test-method is-config="true" signature="beforeTest()[pri:0, instance:tests.lnk_test@1643d68f]" started-at="2022-05-24T14:27:16 IDT" name="beforeTest" finished-at="2022-05-24T14:27:16 IDT" duration-ms="0" status="PASS">
          <reporter-output>
          </reporter-output>
        </test-method> <!-- beforeTest -->
        <test-method is-config="true" signature="beforeClass()[pri:0, instance:tests.lnk_test@1643d68f]" started-at="2022-05-24T14:27:16 IDT" name="beforeClass" finished-at="2022-05-24T14:27:16 IDT" duration-ms="4" status="PASS">
          <reporter-output>
          </reporter-output>
        </test-method> <!-- beforeClass -->
        <test-method is-config="true" signature="beforeMethod()[pri:0, instance:tests.lnk_test@1643d68f]" started-at="2022-05-24T14:27:16 IDT" name="beforeMethod" finished-at="2022-05-24T14:27:17 IDT" duration-ms="447" status="PASS">
          <reporter-output>
          </reporter-output>
        </test-method> <!-- beforeMethod -->
        <test-method signature="main_link(java.lang.String, java.lang.String)[pri:0, instance:tests.lnk_test@1643d68f]" started-at="2022-05-24T14:27:17 IDT" name="main_link" data-provider="Mainlinks" finished-at="2022-05-24T14:27:17 IDT" duration-ms="463" status="PASS">
          <params>
            <param index="0">
              <value>
                <![CDATA[Fish]]>
              </value>
            </param>
            <param index="1">
              <value>
                <![CDATA[Fish]]>
              </value>
            </param>
          </params>
          <reporter-output>
          </reporter-output>
        </test-method> <!-- main_link -->
        <test-method is-config="true" signature="afterMethod()[pri:0, instance:tests.lnk_test@1643d68f]" started-at="2022-05-24T14:27:17 IDT" name="afterMethod" finished-at="2022-05-24T14:27:17 IDT" duration-ms="1" status="PASS">
          <reporter-output>
          </reporter-output>
        </test-method> <!-- afterMethod -->
        <test-method is-config="true" signature="beforeMethod()[pri:0, instance:tests.lnk_test@1643d68f]" started-at="2022-05-24T14:27:17 IDT" name="beforeMethod" finished-at="2022-05-24T14:27:17 IDT" duration-ms="92" status="PASS">
          <reporter-output>
          </reporter-output>
        </test-method> <!-- beforeMethod -->
        <test-method signature="main_link(java.lang.String, java.lang.String)[pri:0, instance:tests.lnk_test@1643d68f]" started-at="2022-05-24T14:27:17 IDT" name="main_link" data-provider="Mainlinks" finished-at="2022-05-24T14:27:18 IDT" duration-ms="391" status="PASS">
          <params>
            <param index="0">
              <value>
                <![CDATA[Dogs]]>
              </value>
            </param>
            <param index="1">
              <value>
                <![CDATA[Dogs]]>
              </value>
            </param>
          </params>
          <reporter-output>
          </reporter-output>
        </test-method> <!-- main_link -->
        <test-method is-config="true" signature="beforeMethod()[pri:0, instance:tests.lnk_test@1643d68f]" started-at="2022-05-24T14:27:18 IDT" name="beforeMethod" finished-at="2022-05-24T14:27:18 IDT" duration-ms="96" status="PASS">
          <reporter-output>
          </reporter-output>
        </test-method> <!-- beforeMethod -->
        <test-method is-config="true" signature="afterMethod()[pri:0, instance:tests.lnk_test@1643d68f]" started-at="2022-05-24T14:27:18 IDT" name="afterMethod" finished-at="2022-05-24T14:27:18 IDT" duration-ms="0" status="PASS">
          <reporter-output>
          </reporter-output>
        </test-method> <!-- afterMethod -->
        <test-method signature="main_link(java.lang.String, java.lang.String)[pri:0, instance:tests.lnk_test@1643d68f]" started-at="2022-05-24T14:27:18 IDT" name="main_link" data-provider="Mainlinks" finished-at="2022-05-24T14:27:18 IDT" duration-ms="386" status="PASS">
          <params>
            <param index="0">
              <value>
                <![CDATA[Cats]]>
              </value>
            </param>
            <param index="1">
              <value>
                <![CDATA[Cats]]>
              </value>
            </param>
          </params>
          <reporter-output>
          </reporter-output>
        </test-method> <!-- main_link -->
        <test-method is-config="true" signature="beforeMethod()[pri:0, instance:tests.lnk_test@1643d68f]" started-at="2022-05-24T14:27:18 IDT" name="beforeMethod" finished-at="2022-05-24T14:27:18 IDT" duration-ms="107" status="PASS">
          <reporter-output>
          </reporter-output>
        </test-method> <!-- beforeMethod -->
        <test-method is-config="true" signature="afterMethod()[pri:0, instance:tests.lnk_test@1643d68f]" started-at="2022-05-24T14:27:18 IDT" name="afterMethod" finished-at="2022-05-24T14:27:18 IDT" duration-ms="0" status="PASS">
          <reporter-output>
          </reporter-output>
        </test-method> <!-- afterMethod -->
        <test-method signature="main_link(java.lang.String, java.lang.String)[pri:0, instance:tests.lnk_test@1643d68f]" started-at="2022-05-24T14:27:18 IDT" name="main_link" data-provider="Mainlinks" finished-at="2022-05-24T14:27:19 IDT" duration-ms="389" status="PASS">
          <params>
            <param index="0">
              <value>
                <![CDATA[Reptiles]]>
              </value>
            </param>
            <param index="1">
              <value>
                <![CDATA[Reptiles]]>
              </value>
            </param>
          </params>
          <reporter-output>
          </reporter-output>
        </test-method> <!-- main_link -->
        <test-method is-config="true" signature="afterMethod()[pri:0, instance:tests.lnk_test@1643d68f]" started-at="2022-05-24T14:27:19 IDT" name="afterMethod" finished-at="2022-05-24T14:27:19 IDT" duration-ms="0" status="PASS">
          <reporter-output>
          </reporter-output>
        </test-method> <!-- afterMethod -->
        <test-method is-config="true" signature="beforeMethod()[pri:0, instance:tests.lnk_test@1643d68f]" started-at="2022-05-24T14:27:19 IDT" name="beforeMethod" finished-at="2022-05-24T14:27:19 IDT" duration-ms="92" status="PASS">
          <reporter-output>
          </reporter-output>
        </test-method> <!-- beforeMethod -->
        <test-method signature="main_link(java.lang.String, java.lang.String)[pri:0, instance:tests.lnk_test@1643d68f]" started-at="2022-05-24T14:27:19 IDT" name="main_link" data-provider="Mainlinks" finished-at="2022-05-24T14:27:19 IDT" duration-ms="376" status="PASS">
          <params>
            <param index="0">
              <value>
                <![CDATA[Birds]]>
              </value>
            </param>
            <param index="1">
              <value>
                <![CDATA[Birds]]>
              </value>
            </param>
          </params>
          <reporter-output>
          </reporter-output>
        </test-method> <!-- main_link -->
        <test-method is-config="true" signature="afterMethod()[pri:0, instance:tests.lnk_test@1643d68f]" started-at="2022-05-24T14:27:19 IDT" name="afterMethod" finished-at="2022-05-24T14:27:19 IDT" duration-ms="0" status="PASS">
          <reporter-output>
          </reporter-output>
        </test-method> <!-- afterMethod -->
        <test-method is-config="true" signature="beforeMethod()[pri:0, instance:tests.lnk_test@1643d68f]" started-at="2022-05-24T14:27:19 IDT" name="beforeMethod" finished-at="2022-05-24T14:27:19 IDT" duration-ms="96" status="PASS">
          <reporter-output>
          </reporter-output>
        </test-method> <!-- beforeMethod -->
        <test-method signature="main_link(java.lang.String, java.lang.String)[pri:0, instance:tests.lnk_test@1643d68f]" started-at="2022-05-24T14:27:19 IDT" name="main_link" data-provider="Mainlinks" finished-at="2022-05-24T14:27:29 IDT" duration-ms="10083" status="PASS">
          <params>
            <param index="0">
              <value>
                <![CDATA[Horses]]>
              </value>
            </param>
            <param index="1">
              <value>
                <![CDATA[Horses]]>
              </value>
            </param>
          </params>
          <reporter-output>
          </reporter-output>
        </test-method> <!-- main_link -->
        <test-method is-config="true" signature="afterMethod()[pri:0, instance:tests.lnk_test@1643d68f]" started-at="2022-05-24T14:27:29 IDT" name="afterMethod" finished-at="2022-05-24T14:27:29 IDT" duration-ms="0" status="PASS">
          <reporter-output>
          </reporter-output>
        </test-method> <!-- afterMethod -->
        <test-method is-config="true" signature="beforeMethod()[pri:0, instance:tests.lnk_test@1643d68f]" started-at="2022-05-24T14:27:29 IDT" name="beforeMethod" finished-at="2022-05-24T14:27:30 IDT" duration-ms="100" status="PASS">
          <reporter-output>
          </reporter-output>
        </test-method> <!-- beforeMethod -->
        <test-method signature="quick_link(java.lang.String, java.lang.String)[pri:0, instance:tests.lnk_test@1643d68f]" started-at="2022-05-24T14:27:30 IDT" name="quick_link" data-provider="Quicklinks" finished-at="2022-05-24T14:27:30 IDT" duration-ms="368" status="PASS">
          <params>
            <param index="0">
              <value>
                <![CDATA[Fish]]>
              </value>
            </param>
            <param index="1">
              <value>
                <![CDATA[Fish]]>
              </value>
            </param>
          </params>
          <reporter-output>
          </reporter-output>
        </test-method> <!-- quick_link -->
        <test-method is-config="true" signature="afterMethod()[pri:0, instance:tests.lnk_test@1643d68f]" started-at="2022-05-24T14:27:30 IDT" name="afterMethod" finished-at="2022-05-24T14:27:30 IDT" duration-ms="0" status="PASS">
          <reporter-output>
          </reporter-output>
        </test-method> <!-- afterMethod -->
        <test-method is-config="true" signature="beforeMethod()[pri:0, instance:tests.lnk_test@1643d68f]" started-at="2022-05-24T14:27:30 IDT" name="beforeMethod" finished-at="2022-05-24T14:27:30 IDT" duration-ms="96" status="PASS">
          <reporter-output>
          </reporter-output>
        </test-method> <!-- beforeMethod -->
        <test-method signature="quick_link(java.lang.String, java.lang.String)[pri:0, instance:tests.lnk_test@1643d68f]" started-at="2022-05-24T14:27:30 IDT" name="quick_link" data-provider="Quicklinks" finished-at="2022-05-24T14:27:30 IDT" duration-ms="361" status="PASS">
          <params>
            <param index="0">
              <value>
                <![CDATA[Dogs]]>
              </value>
            </param>
            <param index="1">
              <value>
                <![CDATA[Dogs]]>
              </value>
            </param>
          </params>
          <reporter-output>
          </reporter-output>
        </test-method> <!-- quick_link -->
        <test-method is-config="true" signature="afterMethod()[pri:0, instance:tests.lnk_test@1643d68f]" started-at="2022-05-24T14:27:30 IDT" name="afterMethod" finished-at="2022-05-24T14:27:30 IDT" duration-ms="0" status="PASS">
          <reporter-output>
          </reporter-output>
        </test-method> <!-- afterMethod -->
        <test-method is-config="true" signature="beforeMethod()[pri:0, instance:tests.lnk_test@1643d68f]" started-at="2022-05-24T14:27:30 IDT" name="beforeMethod" finished-at="2022-05-24T14:27:30 IDT" duration-ms="90" status="PASS">
          <reporter-output>
          </reporter-output>
        </test-method> <!-- beforeMethod -->
        <test-method signature="quick_link(java.lang.String, java.lang.String)[pri:0, instance:tests.lnk_test@1643d68f]" started-at="2022-05-24T14:27:30 IDT" name="quick_link" data-provider="Quicklinks" finished-at="2022-05-24T14:27:31 IDT" duration-ms="378" status="PASS">
          <params>
            <param index="0">
              <value>
                <![CDATA[Cats]]>
              </value>
            </param>
            <param index="1">
              <value>
                <![CDATA[Cats]]>
              </value>
            </param>
          </params>
          <reporter-output>
          </reporter-output>
        </test-method> <!-- quick_link -->
        <test-method is-config="true" signature="afterMethod()[pri:0, instance:tests.lnk_test@1643d68f]" started-at="2022-05-24T14:27:31 IDT" name="afterMethod" finished-at="2022-05-24T14:27:31 IDT" duration-ms="0" status="PASS">
          <reporter-output>
          </reporter-output>
        </test-method> <!-- afterMethod -->
        <test-method is-config="true" signature="beforeMethod()[pri:0, instance:tests.lnk_test@1643d68f]" started-at="2022-05-24T14:27:31 IDT" name="beforeMethod" finished-at="2022-05-24T14:27:31 IDT" duration-ms="85" status="PASS">
          <reporter-output>
          </reporter-output>
        </test-method> <!-- beforeMethod -->
        <test-method signature="quick_link(java.lang.String, java.lang.String)[pri:0, instance:tests.lnk_test@1643d68f]" started-at="2022-05-24T14:27:31 IDT" name="quick_link" data-provider="Quicklinks" finished-at="2022-05-24T14:27:31 IDT" duration-ms="346" status="PASS">
          <params>
            <param index="0">
              <value>
                <![CDATA[Reptiles]]>
              </value>
            </param>
            <param index="1">
              <value>
                <![CDATA[Reptiles]]>
              </value>
            </param>
          </params>
          <reporter-output>
          </reporter-output>
        </test-method> <!-- quick_link -->
        <test-method is-config="true" signature="beforeMethod()[pri:0, instance:tests.lnk_test@1643d68f]" started-at="2022-05-24T14:27:31 IDT" name="beforeMethod" finished-at="2022-05-24T14:27:31 IDT" duration-ms="93" status="PASS">
          <reporter-output>
          </reporter-output>
        </test-method> <!-- beforeMethod -->
        <test-method is-config="true" signature="afterMethod()[pri:0, instance:tests.lnk_test@1643d68f]" started-at="2022-05-24T14:27:31 IDT" name="afterMethod" finished-at="2022-05-24T14:27:31 IDT" duration-ms="0" status="PASS">
          <reporter-output>
          </reporter-output>
        </test-method> <!-- afterMethod -->
        <test-method signature="quick_link(java.lang.String, java.lang.String)[pri:0, instance:tests.lnk_test@1643d68f]" started-at="2022-05-24T14:27:31 IDT" name="quick_link" data-provider="Quicklinks" finished-at="2022-05-24T14:27:32 IDT" duration-ms="355" status="PASS">
          <params>
            <param index="0">
              <value>
                <![CDATA[Birds]]>
              </value>
            </param>
            <param index="1">
              <value>
                <![CDATA[Birds]]>
              </value>
            </param>
          </params>
          <reporter-output>
          </reporter-output>
        </test-method> <!-- quick_link -->
        <test-method is-config="true" signature="afterMethod()[pri:0, instance:tests.lnk_test@1643d68f]" started-at="2022-05-24T14:27:32 IDT" name="afterMethod" finished-at="2022-05-24T14:27:32 IDT" duration-ms="1" status="PASS">
          <reporter-output>
          </reporter-output>
        </test-method> <!-- afterMethod -->
        <test-method is-config="true" signature="beforeMethod()[pri:0, instance:tests.lnk_test@1643d68f]" started-at="2022-05-24T14:27:32 IDT" name="beforeMethod" finished-at="2022-05-24T14:27:32 IDT" duration-ms="99" status="PASS">
          <reporter-output>
          </reporter-output>
        </test-method> <!-- beforeMethod -->
        <test-method signature="quick_link(java.lang.String, java.lang.String)[pri:0, instance:tests.lnk_test@1643d68f]" started-at="2022-05-24T14:27:32 IDT" name="quick_link" data-provider="Quicklinks" finished-at="2022-05-24T14:27:42 IDT" duration-ms="10092" status="PASS">
          <params>
            <param index="0">
              <value>
                <![CDATA[Horses]]>
              </value>
            </param>
            <param index="1">
              <value>
                <![CDATA[Horses]]>
              </value>
            </param>
          </params>
          <reporter-output>
          </reporter-output>
        </test-method> <!-- quick_link -->
        <test-method is-config="true" signature="afterMethod()[pri:0, instance:tests.lnk_test@1643d68f]" started-at="2022-05-24T14:27:42 IDT" name="afterMethod" finished-at="2022-05-24T14:27:42 IDT" duration-ms="1" status="PASS">
          <reporter-output>
          </reporter-output>
        </test-method> <!-- afterMethod -->
        <test-method is-config="true" signature="beforeMethod()[pri:0, instance:tests.lnk_test@1643d68f]" started-at="2022-05-24T14:27:42 IDT" name="beforeMethod" finished-at="2022-05-24T14:27:42 IDT" duration-ms="93" status="PASS">
          <reporter-output>
          </reporter-output>
        </test-method> <!-- beforeMethod -->
        <test-method signature="sidebar_link(java.lang.String, java.lang.String)[pri:0, instance:tests.lnk_test@1643d68f]" started-at="2022-05-24T14:27:42 IDT" name="sidebar_link" data-provider="SIDEBAR_links" finished-at="2022-05-24T14:27:42 IDT" duration-ms="384" status="PASS">
          <params>
            <param index="0">
              <value>
                <![CDATA[Fish]]>
              </value>
            </param>
            <param index="1">
              <value>
                <![CDATA[Fish]]>
              </value>
            </param>
          </params>
          <reporter-output>
          </reporter-output>
        </test-method> <!-- sidebar_link -->
        <test-method is-config="true" signature="beforeMethod()[pri:0, instance:tests.lnk_test@1643d68f]" started-at="2022-05-24T14:27:42 IDT" name="beforeMethod" finished-at="2022-05-24T14:27:43 IDT" duration-ms="100" status="PASS">
          <reporter-output>
          </reporter-output>
        </test-method> <!-- beforeMethod -->
        <test-method is-config="true" signature="afterMethod()[pri:0, instance:tests.lnk_test@1643d68f]" started-at="2022-05-24T14:27:42 IDT" name="afterMethod" finished-at="2022-05-24T14:27:42 IDT" duration-ms="0" status="PASS">
          <reporter-output>
          </reporter-output>
        </test-method> <!-- afterMethod -->
        <test-method signature="sidebar_link(java.lang.String, java.lang.String)[pri:0, instance:tests.lnk_test@1643d68f]" started-at="2022-05-24T14:27:43 IDT" name="sidebar_link" data-provider="SIDEBAR_links" finished-at="2022-05-24T14:27:43 IDT" duration-ms="361" status="PASS">
          <params>
            <param index="0">
              <value>
                <![CDATA[Dogs]]>
              </value>
            </param>
            <param index="1">
              <value>
                <![CDATA[Dogs]]>
              </value>
            </param>
          </params>
          <reporter-output>
          </reporter-output>
        </test-method> <!-- sidebar_link -->
        <test-method is-config="true" signature="afterMethod()[pri:0, instance:tests.lnk_test@1643d68f]" started-at="2022-05-24T14:27:43 IDT" name="afterMethod" finished-at="2022-05-24T14:27:43 IDT" duration-ms="0" status="PASS">
          <reporter-output>
          </reporter-output>
        </test-method> <!-- afterMethod -->
        <test-method is-config="true" signature="beforeMethod()[pri:0, instance:tests.lnk_test@1643d68f]" started-at="2022-05-24T14:27:43 IDT" name="beforeMethod" finished-at="2022-05-24T14:27:43 IDT" duration-ms="85" status="PASS">
          <reporter-output>
          </reporter-output>
        </test-method> <!-- beforeMethod -->
        <test-method signature="sidebar_link(java.lang.String, java.lang.String)[pri:0, instance:tests.lnk_test@1643d68f]" started-at="2022-05-24T14:27:43 IDT" name="sidebar_link" data-provider="SIDEBAR_links" finished-at="2022-05-24T14:27:43 IDT" duration-ms="342" status="PASS">
          <params>
            <param index="0">
              <value>
                <![CDATA[Cats]]>
              </value>
            </param>
            <param index="1">
              <value>
                <![CDATA[Cats]]>
              </value>
            </param>
          </params>
          <reporter-output>
          </reporter-output>
        </test-method> <!-- sidebar_link -->
        <test-method is-config="true" signature="afterMethod()[pri:0, instance:tests.lnk_test@1643d68f]" started-at="2022-05-24T14:27:43 IDT" name="afterMethod" finished-at="2022-05-24T14:27:43 IDT" duration-ms="0" status="PASS">
          <reporter-output>
          </reporter-output>
        </test-method> <!-- afterMethod -->
        <test-method is-config="true" signature="beforeMethod()[pri:0, instance:tests.lnk_test@1643d68f]" started-at="2022-05-24T14:27:43 IDT" name="beforeMethod" finished-at="2022-05-24T14:27:43 IDT" duration-ms="96" status="PASS">
          <reporter-output>
          </reporter-output>
        </test-method> <!-- beforeMethod -->
        <test-method signature="sidebar_link(java.lang.String, java.lang.String)[pri:0, instance:tests.lnk_test@1643d68f]" started-at="2022-05-24T14:27:43 IDT" name="sidebar_link" data-provider="SIDEBAR_links" finished-at="2022-05-24T14:27:44 IDT" duration-ms="361" status="PASS">
          <params>
            <param index="0">
              <value>
                <![CDATA[Reptiles]]>
              </value>
            </param>
            <param index="1">
              <value>
                <![CDATA[Reptiles]]>
              </value>
            </param>
          </params>
          <reporter-output>
          </reporter-output>
        </test-method> <!-- sidebar_link -->
        <test-method is-config="true" signature="afterMethod()[pri:0, instance:tests.lnk_test@1643d68f]" started-at="2022-05-24T14:27:44 IDT" name="afterMethod" finished-at="2022-05-24T14:27:44 IDT" duration-ms="1" status="PASS">
          <reporter-output>
          </reporter-output>
        </test-method> <!-- afterMethod -->
        <test-method is-config="true" signature="beforeMethod()[pri:0, instance:tests.lnk_test@1643d68f]" started-at="2022-05-24T14:27:44 IDT" name="beforeMethod" finished-at="2022-05-24T14:27:44 IDT" duration-ms="89" status="PASS">
          <reporter-output>
          </reporter-output>
        </test-method> <!-- beforeMethod -->
        <test-method signature="sidebar_link(java.lang.String, java.lang.String)[pri:0, instance:tests.lnk_test@1643d68f]" started-at="2022-05-24T14:27:44 IDT" name="sidebar_link" data-provider="SIDEBAR_links" finished-at="2022-05-24T14:27:44 IDT" duration-ms="366" status="PASS">
          <params>
            <param index="0">
              <value>
                <![CDATA[Birds]]>
              </value>
            </param>
            <param index="1">
              <value>
                <![CDATA[Birds]]>
              </value>
            </param>
          </params>
          <reporter-output>
          </reporter-output>
        </test-method> <!-- sidebar_link -->
        <test-method is-config="true" signature="afterMethod()[pri:0, instance:tests.lnk_test@1643d68f]" started-at="2022-05-24T14:27:44 IDT" name="afterMethod" finished-at="2022-05-24T14:27:44 IDT" duration-ms="0" status="PASS">
          <reporter-output>
          </reporter-output>
        </test-method> <!-- afterMethod -->
        <test-method is-config="true" signature="beforeMethod()[pri:0, instance:tests.lnk_test@1643d68f]" started-at="2022-05-24T14:27:44 IDT" name="beforeMethod" finished-at="2022-05-24T14:27:44 IDT" duration-ms="91" status="PASS">
          <reporter-output>
          </reporter-output>
        </test-method> <!-- beforeMethod -->
        <test-method signature="sidebar_link(java.lang.String, java.lang.String)[pri:0, instance:tests.lnk_test@1643d68f]" started-at="2022-05-24T14:27:44 IDT" name="sidebar_link" data-provider="SIDEBAR_links" finished-at="2022-05-24T14:27:54 IDT" duration-ms="10090" status="PASS">
          <params>
            <param index="0">
              <value>
                <![CDATA[Horses]]>
              </value>
            </param>
            <param index="1">
              <value>
                <![CDATA[Horses]]>
              </value>
            </param>
          </params>
          <reporter-output>
          </reporter-output>
        </test-method> <!-- sidebar_link -->
        <test-method is-config="true" signature="afterMethod()[pri:0, instance:tests.lnk_test@1643d68f]" started-at="2022-05-24T14:27:54 IDT" name="afterMethod" finished-at="2022-05-24T14:27:54 IDT" duration-ms="0" status="PASS">
          <reporter-output>
          </reporter-output>
        </test-method> <!-- afterMethod -->
        <test-method is-config="true" signature="afterClass()[pri:0, instance:tests.lnk_test@1643d68f]" started-at="2022-05-24T14:27:54 IDT" name="afterClass" finished-at="2022-05-24T14:27:55 IDT" duration-ms="636" status="PASS">
          <reporter-output>
          </reporter-output>
        </test-method> <!-- afterClass -->
        <test-method is-config="true" signature="afterTest()[pri:0, instance:tests.lnk_test@1643d68f]" started-at="2022-05-24T14:27:55 IDT" name="afterTest" finished-at="2022-05-24T14:27:55 IDT" duration-ms="0" status="PASS">
          <reporter-output>
          </reporter-output>
        </test-method> <!-- afterTest -->
        <test-method is-config="true" signature="afterSuite()[pri:0, instance:tests.lnk_test@1643d68f]" started-at="2022-05-24T14:27:55 IDT" name="afterSuite" finished-at="2022-05-24T14:27:55 IDT" duration-ms="0" status="PASS">
          <reporter-output>
          </reporter-output>
        </test-method> <!-- afterSuite -->
      </class> <!-- tests.lnk_test -->
    </test> <!-- Default test -->
  </suite> <!-- Default suite -->
</testng-results>
